\BOOKMARK [0][-]{chapter.1}{\376\377\000I\000n\000t\000r\000o\000d\000u\000z\000i\000o\000n\000e}{}% 1
\BOOKMARK [1][-]{section.1.1}{\376\377\000C\000l\000o\000u\000d\000\040\000C\000o\000m\000p\000u\000t\000i\000n\000g}{chapter.1}% 2
\BOOKMARK [2][-]{subsection.1.1.1}{\376\377\000M\000o\000d\000e\000l\000l\000i\000\040\000d\000i\000\040\000s\000e\000r\000v\000i\000z\000i\000o}{section.1.1}% 3
\BOOKMARK [2][-]{subsection.1.1.2}{\376\377\000M\000o\000d\000e\000l\000l\000i\000\040\000d\000i\000\040\000d\000i\000s\000t\000r\000i\000b\000u\000z\000i\000o\000n\000e}{section.1.1}% 4
\BOOKMARK [1][-]{section.1.2}{\376\377\000M\000u\000l\000t\000i\000-\000c\000l\000o\000u\000d}{chapter.1}% 5
\BOOKMARK [1][-]{section.1.3}{\376\377\000C\000o\000n\000t\000a\000i\000n\000e\000r\000i\000z\000z\000a\000z\000i\000o\000n\000e}{chapter.1}% 6
\BOOKMARK [2][-]{subsection.1.3.1}{\376\377\000V\000a\000n\000t\000a\000g\000g\000i}{section.1.3}% 7
\BOOKMARK [1][-]{section.1.4}{\376\377\000D\000o\000c\000k\000e\000r}{chapter.1}% 8
\BOOKMARK [1][-]{section.1.5}{\376\377\000K\000u\000b\000e\000r\000n\000e\000t\000e\000s}{chapter.1}% 9
\BOOKMARK [2][-]{subsection.1.5.1}{\376\377\000A\000r\000c\000h\000i\000t\000e\000t\000t\000u\000r\000a}{section.1.5}% 10
\BOOKMARK [2][-]{subsection.1.5.2}{\376\377\000C\000o\000m\000p\000o\000n\000e\000n\000t\000i\000\040\000d\000e\000l\000\040\000C\000o\000n\000t\000r\000o\000l\000\040\000P\000l\000a\000n\000e}{section.1.5}% 11
\BOOKMARK [2][-]{subsection.1.5.3}{\376\377\000C\000o\000m\000p\000o\000n\000e\000n\000t\000i\000\040\000d\000e\000l\000\040\000W\000o\000r\000k\000e\000r\000\040\000N\000o\000d\000e}{section.1.5}% 12
\BOOKMARK [2][-]{subsection.1.5.4}{\376\377\000O\000g\000g\000e\000t\000t\000i\000\040\000K\000u\000b\000e\000r\000n\000e\000t\000e\000s}{section.1.5}% 13
\BOOKMARK [0][-]{chapter.2}{\376\377\000S\000t\000a\000t\000o\000\040\000d\000e\000l\000l\000'\000A\000r\000t\000e}{}% 14
\BOOKMARK [0][-]{chapter.3}{\376\377\000F\000l\000y\000\040\000L\000a\000n\000g\000u\000a\000g\000e}{}% 15
\BOOKMARK [1][-]{section.3.1}{\376\377\000O\000b\000i\000e\000t\000t\000i\000v\000i}{chapter.3}% 16
\BOOKMARK [1][-]{section.3.2}{\376\377\000A\000r\000c\000h\000i\000t\000e\000t\000t\000u\000r\000a}{chapter.3}% 17
\BOOKMARK [1][-]{section.3.3}{\376\377\000D\000e\000f\000i\000n\000i\000z\000i\000o\000n\000e\000\040\000d\000e\000l\000\040\000l\000i\000n\000g\000u\000a\000g\000g\000i\000o}{chapter.3}% 18
\BOOKMARK [2][-]{subsection.3.3.1}{\376\377\000S\000t\000r\000u\000t\000t\000u\000r\000a\000\040\000d\000i\000\040\000u\000n\000\040\000p\000r\000o\000g\000e\000t\000t\000o\000\040\000F\000l\000y}{section.3.3}% 19
\BOOKMARK [1][-]{section.3.4}{\376\377\000G\000e\000n\000e\000r\000a\000z\000i\000o\000n\000e\000\040\000d\000e\000l\000\040\000c\000o\000d\000i\000c\000e}{chapter.3}% 20
\BOOKMARK [2][-]{subsection.3.4.1}{\376\377\000A\000m\000b\000i\000e\000n\000t\000e\000\040\000d\000i\000\040\000e\000s\000e\000c\000u\000z\000i\000o\000n\000e}{section.3.4}% 21
\BOOKMARK [2][-]{subsection.3.4.2}{\376\377\000C\000h\000a\000n\000n\000e\000l}{section.3.4}% 22
\BOOKMARK [2][-]{subsection.3.4.3}{\376\377\000S\000c\000r\000i\000p\000t\000\040\000d\000i\000\040\000d\000e\000p\000l\000o\000y\000\040\000e\000\040\000u\000n\000d\000e\000p\000l\000o\000y\000\040\000d\000e\000l\000l\000e\000\040\000f\000u\000n\000z\000i\000o\000n\000i}{section.3.4}% 23
\BOOKMARK [2][-]{subsection.3.4.4}{\376\377\000S\000i\000n\000c\000r\000o\000n\000i\000z\000z\000a\000z\000i\000o\000n\000e}{section.3.4}% 24
\BOOKMARK [0][-]{chapter.4}{\376\377\000A\000m\000b\000i\000e\000n\000t\000e\000\040\000d\000i\000\040\000e\000s\000e\000c\000u\000z\000i\000o\000n\000e\000\040\000K\000u\000b\000e\000r\000n\000e\000t\000e\000s}{}% 25
\BOOKMARK [1][-]{section.4.1}{\376\377\000K\000u\000b\000e\000r\000n\000e\000t\000e\000s\000\040\000i\000n\000\040\000F\000l\000y}{chapter.4}% 26
\BOOKMARK [1][-]{section.4.2}{\376\377\000I\000n\000t\000e\000g\000r\000a\000z\000i\000o\000n\000e\000\040\000i\000n\000\040\000F\000l\000y}{chapter.4}% 27
\BOOKMARK [1][-]{section.4.3}{\376\377\000I\000m\000p\000l\000e\000m\000e\000n\000t\000a\000z\000i\000o\000n\000e}{chapter.4}% 28
\BOOKMARK [1][-]{section.4.4}{\376\377\000G\000e\000n\000e\000r\000a\000z\000i\000o\000n\000e\000\040\000c\000o\000d\000i\000c\000e}{chapter.4}% 29
\BOOKMARK [0][-]{chapter.5}{\376\377\000C\000o\000n\000c\000l\000u\000s\000i\000o\000n\000i}{}% 30
\BOOKMARK [1][-]{section.5.1}{\376\377\000O\000b\000i\000e\000t\000t\000i\000v\000i\000\040\000r\000a\000g\000g\000i\000u\000n\000t\000i}{chapter.5}% 31
\BOOKMARK [1][-]{section.5.2}{\376\377\000S\000v\000i\000l\000u\000p\000p\000i\000\040\000f\000u\000t\000u\000r\000i}{chapter.5}% 32
